2023-07-31 17:45:54,494 INFO o.a.j.u.JMeterUtils: Setting Locale to en_EN
2023-07-31 17:45:54,526 INFO o.a.j.JMeter: Loading user properties from: user.properties
2023-07-31 17:45:54,526 INFO o.a.j.JMeter: Loading system properties from: system.properties
2023-07-31 17:45:54,542 INFO o.a.j.JMeter: Copyright (c) 1998-2023 The Apache Software Foundation
2023-07-31 17:45:54,542 INFO o.a.j.JMeter: Version 5.6.2
2023-07-31 17:45:54,542 INFO o.a.j.JMeter: java.version=17.0.7
2023-07-31 17:45:54,542 INFO o.a.j.JMeter: java.vm.name=Java HotSpot(TM) 64-Bit Server VM
2023-07-31 17:45:54,542 INFO o.a.j.JMeter: os.name=Windows 11
2023-07-31 17:45:54,542 INFO o.a.j.JMeter: os.arch=amd64
2023-07-31 17:45:54,542 INFO o.a.j.JMeter: os.version=10.0
2023-07-31 17:45:54,542 INFO o.a.j.JMeter: file.encoding=Cp1254
2023-07-31 17:45:54,542 INFO o.a.j.JMeter: java.awt.headless=null
2023-07-31 17:45:54,542 INFO o.a.j.JMeter: Max memory     =1073741824
2023-07-31 17:45:54,542 INFO o.a.j.JMeter: Available Processors =4
2023-07-31 17:45:54,558 INFO o.a.j.JMeter: Default Locale=English (EN)
2023-07-31 17:45:54,558 INFO o.a.j.JMeter: JMeter  Locale=English (EN)
2023-07-31 17:45:54,558 INFO o.a.j.JMeter: JMeterHome=C:\Users\ceren\apache-jmeter-5.6.2
2023-07-31 17:45:54,558 INFO o.a.j.JMeter: user.dir  =C:\Users\ceren\apache-jmeter-5.6.2\bin
2023-07-31 17:45:54,558 INFO o.a.j.JMeter: PWD       =C:\Users\ceren\apache-jmeter-5.6.2\bin
2023-07-31 17:45:54,558 INFO o.a.j.JMeter: IP: 192.168.1.104 Name: Ceren FullName: Ceren
2023-07-31 17:45:54,582 INFO o.a.j.JMeter: Loaded icon properties from org/apache/jmeter/images/icon.properties
2023-07-31 17:45:54,903 INFO o.a.j.JMeterGuiLauncher: Setting LAF to: com.github.weisj.darklaf.DarkLaf:com.github.weisj.darklaf.theme.DarculaTheme
2023-07-31 17:46:59,853 INFO o.a.j.p.h.s.HTTPSamplerBase: Parser for text/html is org.apache.jmeter.protocol.http.parser.LagartoBasedHtmlParser
2023-07-31 17:46:59,853 INFO o.a.j.p.h.s.HTTPSamplerBase: Parser for application/xhtml+xml is org.apache.jmeter.protocol.http.parser.LagartoBasedHtmlParser
2023-07-31 17:46:59,853 INFO o.a.j.p.h.s.HTTPSamplerBase: Parser for application/xml is org.apache.jmeter.protocol.http.parser.LagartoBasedHtmlParser
2023-07-31 17:46:59,853 INFO o.a.j.p.h.s.HTTPSamplerBase: Parser for text/xml is org.apache.jmeter.protocol.http.parser.LagartoBasedHtmlParser
2023-07-31 17:46:59,853 INFO o.a.j.p.h.s.HTTPSamplerBase: Parser for text/vnd.wap.wml is org.apache.jmeter.protocol.http.parser.RegexpHTMLParser
2023-07-31 17:46:59,853 INFO o.a.j.p.h.s.HTTPSamplerBase: Parser for text/css is org.apache.jmeter.protocol.http.parser.CssParser
2023-07-31 17:49:30,608 INFO o.a.j.s.SampleResult: Note: Sample TimeStamps are START times
2023-07-31 17:49:30,608 INFO o.a.j.s.SampleResult: sampleresult.default.encoding is set to UTF-8
2023-07-31 17:49:30,608 INFO o.a.j.s.SampleResult: sampleresult.useNanoTime=true
2023-07-31 17:49:30,608 INFO o.a.j.s.SampleResult: sampleresult.nanoThreadSleep=5000
2023-07-31 17:49:57,621 INFO o.a.j.s.FileServer: Default base='C:\Users\ceren\apache-jmeter-5.6.2\bin'
2023-07-31 17:49:57,629 INFO o.a.j.s.FileServer: Set new base='C:\Users\ceren\apache-jmeter-5.6.2\bin'
2023-07-31 17:49:57,851 INFO o.a.j.s.SaveService: Testplan (JMX) version: 2.2. Testlog (JTL) version: 2.2
2023-07-31 17:49:57,883 INFO o.a.j.s.SaveService: Using SaveService properties version 5.0
2023-07-31 17:49:57,883 INFO o.a.j.s.SaveService: Using SaveService properties file encoding UTF-8
2023-07-31 17:49:57,931 INFO o.a.j.e.StandardJMeterEngine: Running the test!
2023-07-31 17:49:57,931 INFO o.a.j.s.SampleEvent: List of sample_variables: []
2023-07-31 17:49:57,931 INFO o.a.j.s.SampleEvent: List of sample_variables: []
2023-07-31 17:49:57,931 INFO o.a.j.e.u.CompoundVariable: Note: Function class names must contain the string: '.functions.'
2023-07-31 17:49:57,939 INFO o.a.j.e.u.CompoundVariable: Note: Function class names must not contain the string: '.gui.'
2023-07-31 17:49:58,035 INFO o.a.j.g.u.JMeterMenuBar: setRunning(true, *local*)
2023-07-31 17:49:58,091 INFO o.a.j.e.StandardJMeterEngine: Starting ThreadGroup: 1 : JMeterBasicLevel
2023-07-31 17:49:58,091 INFO o.a.j.e.StandardJMeterEngine: Starting 100 threads for group JMeterBasicLevel.
2023-07-31 17:49:58,091 INFO o.a.j.e.StandardJMeterEngine: Thread will continue on error
2023-07-31 17:49:58,091 INFO o.a.j.t.ThreadGroup: Starting thread group... number=1 threads=100 ramp-up=10 delayedStart=false
2023-07-31 17:49:58,131 INFO o.a.j.t.JMeterThread: Thread started: JMeterBasicLevel 1-1
2023-07-31 17:49:58,139 INFO o.a.j.t.ThreadGroup: Started thread group number 1
2023-07-31 17:49:58,139 INFO o.a.j.e.StandardJMeterEngine: All thread groups have been started
2023-07-31 17:49:58,167 INFO o.a.j.p.h.s.HTTPHCAbstractImpl: Local host = Ceren
2023-07-31 17:49:58,178 INFO o.a.j.p.h.s.HTTPHC4Impl: HTTP request retry count = 0
2023-07-31 17:49:58,234 INFO o.a.j.t.JMeterThread: Thread started: JMeterBasicLevel 1-2
2023-07-31 17:49:58,329 INFO o.a.j.t.JMeterThread: Thread started: JMeterBasicLevel 1-3
2023-07-31 17:49:58,386 INFO o.a.j.p.h.s.h.LazyLayeredConnectionSocketFactory: Setting up HTTPS TrustAll Socket Factory
2023-07-31 17:49:58,395 INFO o.a.j.u.JsseSSLManager: Using default SSL protocol: TLS
2023-07-31 17:49:58,396 INFO o.a.j.u.JsseSSLManager: SSL session context: per-thread
2023-07-31 17:49:58,444 INFO o.a.j.t.JMeterThread: Thread started: JMeterBasicLevel 1-4
2023-07-31 17:49:58,553 INFO o.a.j.t.JMeterThread: Thread started: JMeterBasicLevel 1-5
2023-07-31 17:49:58,633 INFO o.a.j.u.SSLManager: JmeterKeyStore Location:  type JKS
2023-07-31 17:49:58,636 INFO o.a.j.t.JMeterThread: Thread started: JMeterBasicLevel 1-6
2023-07-31 17:49:58,637 INFO o.a.j.u.SSLManager: KeyStore created OK
2023-07-31 17:49:58,637 WARN o.a.j.u.SSLManager: Keystore file not found, loading empty keystore
2023-07-31 17:49:58,735 INFO o.a.j.t.JMeterThread: Thread started: JMeterBasicLevel 1-7
2023-07-31 17:49:58,870 INFO o.a.j.t.JMeterThread: Thread started: JMeterBasicLevel 1-8
2023-07-31 17:49:58,979 INFO o.a.j.t.JMeterThread: Thread started: JMeterBasicLevel 1-9
2023-07-31 17:49:59,073 INFO o.a.j.t.JMeterThread: Thread started: JMeterBasicLevel 1-10
2023-07-31 17:49:59,136 INFO o.a.j.t.JMeterThread: Thread started: JMeterBasicLevel 1-11
2023-07-31 17:49:59,236 INFO o.a.j.t.JMeterThread: Thread started: JMeterBasicLevel 1-12
2023-07-31 17:49:59,337 INFO o.a.j.t.JMeterThread: Thread started: JMeterBasicLevel 1-13
2023-07-31 17:49:59,437 INFO o.a.j.t.JMeterThread: Thread started: JMeterBasicLevel 1-14
2023-07-31 17:49:59,537 INFO o.a.j.t.JMeterThread: Thread started: JMeterBasicLevel 1-15
2023-07-31 17:49:59,637 INFO o.a.j.t.JMeterThread: Thread started: JMeterBasicLevel 1-16
2023-07-31 17:49:59,736 INFO o.a.j.t.JMeterThread: Thread started: JMeterBasicLevel 1-17
2023-07-31 17:49:59,829 INFO o.a.j.t.JMeterThread: Thread started: JMeterBasicLevel 1-18
2023-07-31 17:49:59,928 INFO o.a.j.t.JMeterThread: Thread started: JMeterBasicLevel 1-19
2023-07-31 17:50:00,029 INFO o.a.j.t.JMeterThread: Thread started: JMeterBasicLevel 1-20
2023-07-31 17:50:00,130 INFO o.a.j.t.JMeterThread: Thread started: JMeterBasicLevel 1-21
2023-07-31 17:50:00,229 INFO o.a.j.t.JMeterThread: Thread started: JMeterBasicLevel 1-22
2023-07-31 17:50:00,310 INFO o.a.j.t.JMeterThread: Thread is done: JMeterBasicLevel 1-8
2023-07-31 17:50:00,311 INFO o.a.j.t.JMeterThread: Thread finished: JMeterBasicLevel 1-8
2023-07-31 17:50:00,321 INFO o.a.j.t.JMeterThread: Thread is done: JMeterBasicLevel 1-4
2023-07-31 17:50:00,321 INFO o.a.j.t.JMeterThread: Thread finished: JMeterBasicLevel 1-4
2023-07-31 17:50:00,330 INFO o.a.j.t.JMeterThread: Thread started: JMeterBasicLevel 1-23
2023-07-31 17:50:00,372 INFO o.a.j.t.JMeterThread: Thread is done: JMeterBasicLevel 1-2
2023-07-31 17:50:00,372 INFO o.a.j.t.JMeterThread: Thread finished: JMeterBasicLevel 1-2
2023-07-31 17:50:00,385 INFO o.a.j.t.JMeterThread: Thread is done: JMeterBasicLevel 1-7
2023-07-31 17:50:00,386 INFO o.a.j.t.JMeterThread: Thread finished: JMeterBasicLevel 1-7
2023-07-31 17:50:00,398 INFO o.a.j.t.JMeterThread: Thread is done: JMeterBasicLevel 1-1
2023-07-31 17:50:00,399 INFO o.a.j.t.JMeterThread: Thread finished: JMeterBasicLevel 1-1
2023-07-31 17:50:00,422 INFO o.a.j.t.JMeterThread: Thread is done: JMeterBasicLevel 1-9
2023-07-31 17:50:00,422 INFO o.a.j.t.JMeterThread: Thread finished: JMeterBasicLevel 1-9
2023-07-31 17:50:00,429 INFO o.a.j.t.JMeterThread: Thread started: JMeterBasicLevel 1-24
2023-07-31 17:50:00,445 INFO o.a.j.t.JMeterThread: Thread is done: JMeterBasicLevel 1-3
2023-07-31 17:50:00,445 INFO o.a.j.t.JMeterThread: Thread finished: JMeterBasicLevel 1-3
2023-07-31 17:50:00,527 INFO o.a.j.t.JMeterThread: Thread is done: JMeterBasicLevel 1-10
2023-07-31 17:50:00,528 INFO o.a.j.t.JMeterThread: Thread finished: JMeterBasicLevel 1-10
2023-07-31 17:50:00,529 INFO o.a.j.t.JMeterThread: Thread started: JMeterBasicLevel 1-25
2023-07-31 17:50:00,578 INFO o.a.j.t.JMeterThread: Thread is done: JMeterBasicLevel 1-5
2023-07-31 17:50:00,578 INFO o.a.j.t.JMeterThread: Thread finished: JMeterBasicLevel 1-5
2023-07-31 17:50:00,629 INFO o.a.j.t.JMeterThread: Thread started: JMeterBasicLevel 1-26
2023-07-31 17:50:00,662 INFO o.a.j.t.JMeterThread: Thread is done: JMeterBasicLevel 1-11
2023-07-31 17:50:00,662 INFO o.a.j.t.JMeterThread: Thread finished: JMeterBasicLevel 1-11
2023-07-31 17:50:00,730 INFO o.a.j.t.JMeterThread: Thread started: JMeterBasicLevel 1-27
2023-07-31 17:50:00,735 INFO o.a.j.t.JMeterThread: Thread is done: JMeterBasicLevel 1-6
2023-07-31 17:50:00,735 INFO o.a.j.t.JMeterThread: Thread finished: JMeterBasicLevel 1-6
2023-07-31 17:50:00,737 INFO o.a.j.t.JMeterThread: Thread is done: JMeterBasicLevel 1-13
2023-07-31 17:50:00,738 INFO o.a.j.t.JMeterThread: Thread finished: JMeterBasicLevel 1-13
2023-07-31 17:50:00,810 INFO o.a.j.t.JMeterThread: Thread is done: JMeterBasicLevel 1-12
2023-07-31 17:50:00,811 INFO o.a.j.t.JMeterThread: Thread finished: JMeterBasicLevel 1-12
2023-07-31 17:50:00,830 INFO o.a.j.t.JMeterThread: Thread started: JMeterBasicLevel 1-28
2023-07-31 17:50:00,836 INFO o.a.j.t.JMeterThread: Thread is done: JMeterBasicLevel 1-15
2023-07-31 17:50:00,836 INFO o.a.j.t.JMeterThread: Thread finished: JMeterBasicLevel 1-15
2023-07-31 17:50:00,911 INFO o.a.j.t.JMeterThread: Thread is done: JMeterBasicLevel 1-14
2023-07-31 17:50:00,912 INFO o.a.j.t.JMeterThread: Thread finished: JMeterBasicLevel 1-14
2023-07-31 17:50:00,930 INFO o.a.j.t.JMeterThread: Thread started: JMeterBasicLevel 1-29
2023-07-31 17:50:00,977 INFO o.a.j.t.JMeterThread: Thread is done: JMeterBasicLevel 1-16
2023-07-31 17:50:00,977 INFO o.a.j.t.JMeterThread: Thread finished: JMeterBasicLevel 1-16
2023-07-31 17:50:01,031 INFO o.a.j.t.JMeterThread: Thread started: JMeterBasicLevel 1-30
2023-07-31 17:50:01,130 INFO o.a.j.t.JMeterThread: Thread started: JMeterBasicLevel 1-31
2023-07-31 17:50:01,146 INFO o.a.j.t.JMeterThread: Thread is done: JMeterBasicLevel 1-18
2023-07-31 17:50:01,146 INFO o.a.j.t.JMeterThread: Thread finished: JMeterBasicLevel 1-18
2023-07-31 17:50:01,231 INFO o.a.j.t.JMeterThread: Thread started: JMeterBasicLevel 1-32
2023-07-31 17:50:01,291 INFO o.a.j.t.JMeterThread: Thread is done: JMeterBasicLevel 1-17
2023-07-31 17:50:01,291 INFO o.a.j.t.JMeterThread: Thread finished: JMeterBasicLevel 1-17
2023-07-31 17:50:01,330 INFO o.a.j.t.JMeterThread: Thread started: JMeterBasicLevel 1-33
2023-07-31 17:50:01,426 INFO o.a.j.t.JMeterThread: Thread is done: JMeterBasicLevel 1-21
2023-07-31 17:50:01,426 INFO o.a.j.t.JMeterThread: Thread finished: JMeterBasicLevel 1-21
2023-07-31 17:50:01,430 INFO o.a.j.t.JMeterThread: Thread started: JMeterBasicLevel 1-34
2023-07-31 17:50:01,452 INFO o.a.j.t.JMeterThread: Thread is done: JMeterBasicLevel 1-20
2023-07-31 17:50:01,452 INFO o.a.j.t.JMeterThread: Thread finished: JMeterBasicLevel 1-20
2023-07-31 17:50:01,530 INFO o.a.j.t.JMeterThread: Thread started: JMeterBasicLevel 1-35
2023-07-31 17:50:01,573 INFO o.a.j.t.JMeterThread: Thread is done: JMeterBasicLevel 1-19
2023-07-31 17:50:01,573 INFO o.a.j.t.JMeterThread: Thread finished: JMeterBasicLevel 1-19
2023-07-31 17:50:01,631 INFO o.a.j.t.JMeterThread: Thread started: JMeterBasicLevel 1-36
2023-07-31 17:50:01,696 INFO o.a.j.t.JMeterThread: Thread is done: JMeterBasicLevel 1-22
2023-07-31 17:50:01,696 INFO o.a.j.t.JMeterThread: Thread finished: JMeterBasicLevel 1-22
2023-07-31 17:50:01,740 INFO o.a.j.t.JMeterThread: Thread started: JMeterBasicLevel 1-37
2023-07-31 17:50:01,823 INFO o.a.j.t.JMeterThread: Thread started: JMeterBasicLevel 1-38
2023-07-31 17:50:01,828 INFO o.a.j.t.JMeterThread: Thread is done: JMeterBasicLevel 1-23
2023-07-31 17:50:01,829 INFO o.a.j.t.JMeterThread: Thread finished: JMeterBasicLevel 1-23
2023-07-31 17:50:01,848 INFO o.a.j.t.JMeterThread: Thread is done: JMeterBasicLevel 1-26
2023-07-31 17:50:01,848 INFO o.a.j.t.JMeterThread: Thread finished: JMeterBasicLevel 1-26
2023-07-31 17:50:01,872 INFO o.a.j.t.JMeterThread: Thread is done: JMeterBasicLevel 1-24
2023-07-31 17:50:01,872 INFO o.a.j.t.JMeterThread: Thread finished: JMeterBasicLevel 1-24
2023-07-31 17:50:01,933 INFO o.a.j.t.JMeterThread: Thread started: JMeterBasicLevel 1-39
2023-07-31 17:50:02,023 INFO o.a.j.t.JMeterThread: Thread started: JMeterBasicLevel 1-40
2023-07-31 17:50:02,032 INFO o.a.j.t.JMeterThread: Thread is done: JMeterBasicLevel 1-25
2023-07-31 17:50:02,032 INFO o.a.j.t.JMeterThread: Thread finished: JMeterBasicLevel 1-25
2023-07-31 17:50:02,124 INFO o.a.j.t.JMeterThread: Thread started: JMeterBasicLevel 1-41
2023-07-31 17:50:02,223 INFO o.a.j.t.JMeterThread: Thread started: JMeterBasicLevel 1-42
2023-07-31 17:50:02,274 INFO o.a.j.t.JMeterThread: Thread is done: JMeterBasicLevel 1-29
2023-07-31 17:50:02,274 INFO o.a.j.t.JMeterThread: Thread finished: JMeterBasicLevel 1-29
2023-07-31 17:50:02,323 INFO o.a.j.t.JMeterThread: Thread started: JMeterBasicLevel 1-43
2023-07-31 17:50:02,341 INFO o.a.j.t.JMeterThread: Thread is done: JMeterBasicLevel 1-31
2023-07-31 17:50:02,341 INFO o.a.j.t.JMeterThread: Thread finished: JMeterBasicLevel 1-31
2023-07-31 17:50:02,358 INFO o.a.j.t.JMeterThread: Thread is done: JMeterBasicLevel 1-27
2023-07-31 17:50:02,358 INFO o.a.j.t.JMeterThread: Thread finished: JMeterBasicLevel 1-27
2023-07-31 17:50:02,406 INFO o.a.j.t.JMeterThread: Thread is done: JMeterBasicLevel 1-30
2023-07-31 17:50:02,406 INFO o.a.j.t.JMeterThread: Thread finished: JMeterBasicLevel 1-30
2023-07-31 17:50:02,424 INFO o.a.j.t.JMeterThread: Thread started: JMeterBasicLevel 1-44
2023-07-31 17:50:02,523 INFO o.a.j.t.JMeterThread: Thread started: JMeterBasicLevel 1-45
2023-07-31 17:50:02,624 INFO o.a.j.t.JMeterThread: Thread is done: JMeterBasicLevel 1-33
2023-07-31 17:50:02,625 INFO o.a.j.t.JMeterThread: Thread finished: JMeterBasicLevel 1-33
2023-07-31 17:50:02,625 INFO o.a.j.t.JMeterThread: Thread started: JMeterBasicLevel 1-46
2023-07-31 17:50:02,649 INFO o.a.j.t.JMeterThread: Thread is done: JMeterBasicLevel 1-32
2023-07-31 17:50:02,650 INFO o.a.j.t.JMeterThread: Thread finished: JMeterBasicLevel 1-32
2023-07-31 17:50:02,724 INFO o.a.j.t.JMeterThread: Thread started: JMeterBasicLevel 1-47
2023-07-31 17:50:02,821 INFO o.a.j.t.JMeterThread: Thread is done: JMeterBasicLevel 1-28
2023-07-31 17:50:02,821 INFO o.a.j.t.JMeterThread: Thread finished: JMeterBasicLevel 1-28
2023-07-31 17:50:02,823 INFO o.a.j.t.JMeterThread: Thread started: JMeterBasicLevel 1-48
2023-07-31 17:50:02,925 INFO o.a.j.t.JMeterThread: Thread started: JMeterBasicLevel 1-49
2023-07-31 17:50:02,967 INFO o.a.j.t.JMeterThread: Thread is done: JMeterBasicLevel 1-36
2023-07-31 17:50:02,967 INFO o.a.j.t.JMeterThread: Thread finished: JMeterBasicLevel 1-36
2023-07-31 17:50:02,973 INFO o.a.j.t.JMeterThread: Thread is done: JMeterBasicLevel 1-35
2023-07-31 17:50:02,973 INFO o.a.j.t.JMeterThread: Thread finished: JMeterBasicLevel 1-35
2023-07-31 17:50:02,974 INFO o.a.j.t.JMeterThread: Thread is done: JMeterBasicLevel 1-37
2023-07-31 17:50:02,974 INFO o.a.j.t.JMeterThread: Thread finished: JMeterBasicLevel 1-37
2023-07-31 17:50:03,024 INFO o.a.j.t.JMeterThread: Thread started: JMeterBasicLevel 1-50
2023-07-31 17:50:03,030 INFO o.a.j.t.JMeterThread: Thread is done: JMeterBasicLevel 1-34
2023-07-31 17:50:03,030 INFO o.a.j.t.JMeterThread: Thread finished: JMeterBasicLevel 1-34
2023-07-31 17:50:03,124 INFO o.a.j.t.JMeterThread: Thread started: JMeterBasicLevel 1-51
2023-07-31 17:50:03,209 INFO o.a.j.t.JMeterThread: Thread is done: JMeterBasicLevel 1-38
2023-07-31 17:50:03,209 INFO o.a.j.t.JMeterThread: Thread finished: JMeterBasicLevel 1-38
2023-07-31 17:50:03,227 INFO o.a.j.t.JMeterThread: Thread started: JMeterBasicLevel 1-52
2023-07-31 17:50:03,333 INFO o.a.j.t.JMeterThread: Thread started: JMeterBasicLevel 1-53
2023-07-31 17:50:03,380 INFO o.a.j.t.JMeterThread: Thread is done: JMeterBasicLevel 1-40
2023-07-31 17:50:03,380 INFO o.a.j.t.JMeterThread: Thread finished: JMeterBasicLevel 1-40
2023-07-31 17:50:03,433 INFO o.a.j.t.JMeterThread: Thread started: JMeterBasicLevel 1-54
2023-07-31 17:50:03,525 INFO o.a.j.t.JMeterThread: Thread started: JMeterBasicLevel 1-55
2023-07-31 17:50:03,551 INFO o.a.j.t.JMeterThread: Thread is done: JMeterBasicLevel 1-42
2023-07-31 17:50:03,551 INFO o.a.j.t.JMeterThread: Thread finished: JMeterBasicLevel 1-42
2023-07-31 17:50:03,624 INFO o.a.j.t.JMeterThread: Thread started: JMeterBasicLevel 1-56
2023-07-31 17:50:03,658 INFO o.a.j.t.JMeterThread: Thread is done: JMeterBasicLevel 1-39
2023-07-31 17:50:03,658 INFO o.a.j.t.JMeterThread: Thread finished: JMeterBasicLevel 1-39
2023-07-31 17:50:03,705 INFO o.a.j.t.JMeterThread: Thread is done: JMeterBasicLevel 1-45
2023-07-31 17:50:03,706 INFO o.a.j.t.JMeterThread: Thread finished: JMeterBasicLevel 1-45
2023-07-31 17:50:03,725 INFO o.a.j.t.JMeterThread: Thread started: JMeterBasicLevel 1-57
2023-07-31 17:50:03,779 INFO o.a.j.t.JMeterThread: Thread is done: JMeterBasicLevel 1-43
2023-07-31 17:50:03,779 INFO o.a.j.t.JMeterThread: Thread finished: JMeterBasicLevel 1-43
2023-07-31 17:50:03,817 INFO o.a.j.t.JMeterThread: Thread started: JMeterBasicLevel 1-58
2023-07-31 17:50:03,836 INFO o.a.j.t.JMeterThread: Thread is done: JMeterBasicLevel 1-44
2023-07-31 17:50:03,836 INFO o.a.j.t.JMeterThread: Thread finished: JMeterBasicLevel 1-44
2023-07-31 17:50:03,872 INFO o.a.j.t.JMeterThread: Thread is done: JMeterBasicLevel 1-46
2023-07-31 17:50:03,872 INFO o.a.j.t.JMeterThread: Thread finished: JMeterBasicLevel 1-46
2023-07-31 17:50:03,918 INFO o.a.j.t.JMeterThread: Thread started: JMeterBasicLevel 1-59
2023-07-31 17:50:03,928 INFO o.a.j.t.JMeterThread: Thread is done: JMeterBasicLevel 1-41
2023-07-31 17:50:03,928 INFO o.a.j.t.JMeterThread: Thread finished: JMeterBasicLevel 1-41
2023-07-31 17:50:04,018 INFO o.a.j.t.JMeterThread: Thread started: JMeterBasicLevel 1-60
2023-07-31 17:50:04,118 INFO o.a.j.t.JMeterThread: Thread started: JMeterBasicLevel 1-61
2023-07-31 17:50:04,211 INFO o.a.j.t.JMeterThread: Thread is done: JMeterBasicLevel 1-48
2023-07-31 17:50:04,211 INFO o.a.j.t.JMeterThread: Thread finished: JMeterBasicLevel 1-48
2023-07-31 17:50:04,218 INFO o.a.j.t.JMeterThread: Thread started: JMeterBasicLevel 1-62
2023-07-31 17:50:04,308 INFO o.a.j.t.JMeterThread: Thread is done: JMeterBasicLevel 1-49
2023-07-31 17:50:04,308 INFO o.a.j.t.JMeterThread: Thread finished: JMeterBasicLevel 1-49
2023-07-31 17:50:04,317 INFO o.a.j.t.JMeterThread: Thread is done: JMeterBasicLevel 1-47
2023-07-31 17:50:04,318 INFO o.a.j.t.JMeterThread: Thread finished: JMeterBasicLevel 1-47
2023-07-31 17:50:04,324 INFO o.a.j.t.JMeterThread: Thread started: JMeterBasicLevel 1-63
2023-07-31 17:50:04,365 INFO o.a.j.t.JMeterThread: Thread is done: JMeterBasicLevel 1-50
2023-07-31 17:50:04,365 INFO o.a.j.t.JMeterThread: Thread finished: JMeterBasicLevel 1-50
2023-07-31 17:50:04,425 INFO o.a.j.t.JMeterThread: Thread started: JMeterBasicLevel 1-64
2023-07-31 17:50:04,462 INFO o.a.j.t.JMeterThread: Thread is done: JMeterBasicLevel 1-51
2023-07-31 17:50:04,463 INFO o.a.j.t.JMeterThread: Thread finished: JMeterBasicLevel 1-51
2023-07-31 17:50:04,517 INFO o.a.j.t.JMeterThread: Thread started: JMeterBasicLevel 1-65
2023-07-31 17:50:04,618 INFO o.a.j.t.JMeterThread: Thread started: JMeterBasicLevel 1-66
2023-07-31 17:50:05,320 INFO o.a.j.t.JMeterThread: Thread started: JMeterBasicLevel 1-73
2023-07-31 17:50:05,293 INFO o.a.j.t.JMeterThread: Thread is done: JMeterBasicLevel 1-60
2023-07-31 17:50:05,237 INFO o.a.j.t.JMeterThread: Thread is done: JMeterBasicLevel 1-58
2023-07-31 17:50:05,377 INFO o.a.j.t.JMeterThread: Thread finished: JMeterBasicLevel 1-58
2023-07-31 17:50:05,227 INFO o.a.j.t.JMeterThread: Thread started: JMeterBasicLevel 1-72
2023-07-31 17:50:05,146 INFO o.a.j.t.JMeterThread: Thread is done: JMeterBasicLevel 1-57
2023-07-31 17:50:05,385 INFO o.a.j.t.JMeterThread: Thread finished: JMeterBasicLevel 1-57
2023-07-31 17:50:05,124 INFO o.a.j.t.JMeterThread: Thread is done: JMeterBasicLevel 1-59
2023-07-31 17:50:05,388 INFO o.a.j.t.JMeterThread: Thread finished: JMeterBasicLevel 1-59
2023-07-31 17:50:05,119 INFO o.a.j.t.JMeterThread: Thread started: JMeterBasicLevel 1-71
2023-07-31 17:50:05,088 INFO o.a.j.t.JMeterThread: Thread is done: JMeterBasicLevel 1-55
2023-07-31 17:50:05,396 INFO o.a.j.t.JMeterThread: Thread finished: JMeterBasicLevel 1-55
2023-07-31 17:50:05,019 INFO o.a.j.t.JMeterThread: Thread started: JMeterBasicLevel 1-70
2023-07-31 17:50:05,004 INFO o.a.j.t.JMeterThread: Thread is done: JMeterBasicLevel 1-56
2023-07-31 17:50:04,918 INFO o.a.j.t.JMeterThread: Thread is done: JMeterBasicLevel 1-54
2023-07-31 17:50:05,397 INFO o.a.j.t.JMeterThread: Thread finished: JMeterBasicLevel 1-56
2023-07-31 17:50:04,918 INFO o.a.j.t.JMeterThread: Thread started: JMeterBasicLevel 1-69
2023-07-31 17:50:04,818 INFO o.a.j.t.JMeterThread: Thread started: JMeterBasicLevel 1-68
2023-07-31 17:50:04,737 INFO o.a.j.t.JMeterThread: Thread is done: JMeterBasicLevel 1-53
2023-07-31 17:50:05,402 INFO o.a.j.t.JMeterThread: Thread finished: JMeterBasicLevel 1-53
2023-07-31 17:50:04,719 INFO o.a.j.t.JMeterThread: Thread started: JMeterBasicLevel 1-67
2023-07-31 17:50:04,670 INFO o.a.j.t.JMeterThread: Thread is done: JMeterBasicLevel 1-52
2023-07-31 17:50:05,377 INFO o.a.j.t.JMeterThread: Thread finished: JMeterBasicLevel 1-60
2023-07-31 17:50:05,405 INFO o.a.j.t.JMeterThread: Thread finished: JMeterBasicLevel 1-54
2023-07-31 17:50:05,406 INFO o.a.j.t.JMeterThread: Thread finished: JMeterBasicLevel 1-52
2023-07-31 17:50:05,420 INFO o.a.j.t.JMeterThread: Thread started: JMeterBasicLevel 1-74
2023-07-31 17:50:05,426 INFO o.a.j.t.JMeterThread: Thread is done: JMeterBasicLevel 1-61
2023-07-31 17:50:05,426 INFO o.a.j.t.JMeterThread: Thread finished: JMeterBasicLevel 1-61
2023-07-31 17:50:05,521 INFO o.a.j.t.JMeterThread: Thread started: JMeterBasicLevel 1-75
2023-07-31 17:50:05,563 INFO o.a.j.t.JMeterThread: Thread is done: JMeterBasicLevel 1-62
2023-07-31 17:50:05,563 INFO o.a.j.t.JMeterThread: Thread finished: JMeterBasicLevel 1-62
2023-07-31 17:50:05,620 INFO o.a.j.t.JMeterThread: Thread started: JMeterBasicLevel 1-76
2023-07-31 17:50:05,727 INFO o.a.j.t.JMeterThread: Thread started: JMeterBasicLevel 1-77
2023-07-31 17:50:05,751 INFO o.a.j.t.JMeterThread: Thread is done: JMeterBasicLevel 1-63
2023-07-31 17:50:05,751 INFO o.a.j.t.JMeterThread: Thread finished: JMeterBasicLevel 1-63
2023-07-31 17:50:05,755 INFO o.a.j.t.JMeterThread: Thread is done: JMeterBasicLevel 1-64
2023-07-31 17:50:05,755 INFO o.a.j.t.JMeterThread: Thread finished: JMeterBasicLevel 1-64
2023-07-31 17:50:05,821 INFO o.a.j.t.JMeterThread: Thread started: JMeterBasicLevel 1-78
2023-07-31 17:50:05,926 INFO o.a.j.t.JMeterThread: Thread started: JMeterBasicLevel 1-79
2023-07-31 17:50:05,949 INFO o.a.j.t.JMeterThread: Thread is done: JMeterBasicLevel 1-65
2023-07-31 17:50:05,949 INFO o.a.j.t.JMeterThread: Thread finished: JMeterBasicLevel 1-65
2023-07-31 17:50:06,026 INFO o.a.j.t.JMeterThread: Thread started: JMeterBasicLevel 1-80
2023-07-31 17:50:06,133 INFO o.a.j.t.JMeterThread: Thread started: JMeterBasicLevel 1-81
2023-07-31 17:50:06,213 INFO o.a.j.t.JMeterThread: Thread started: JMeterBasicLevel 1-82
2023-07-31 17:50:06,313 INFO o.a.j.t.JMeterThread: Thread started: JMeterBasicLevel 1-83
2023-07-31 17:50:06,413 INFO o.a.j.t.JMeterThread: Thread started: JMeterBasicLevel 1-84
2023-07-31 17:50:06,513 INFO o.a.j.t.JMeterThread: Thread started: JMeterBasicLevel 1-85
2023-07-31 17:50:06,612 INFO o.a.j.t.JMeterThread: Thread is done: JMeterBasicLevel 1-73
2023-07-31 17:50:06,612 INFO o.a.j.t.JMeterThread: Thread finished: JMeterBasicLevel 1-73
2023-07-31 17:50:06,618 INFO o.a.j.t.JMeterThread: Thread started: JMeterBasicLevel 1-86
2023-07-31 17:50:06,713 INFO o.a.j.t.JMeterThread: Thread started: JMeterBasicLevel 1-87
2023-07-31 17:50:06,813 INFO o.a.j.t.JMeterThread: Thread started: JMeterBasicLevel 1-88
2023-07-31 17:50:06,860 INFO o.a.j.t.JMeterThread: Thread is done: JMeterBasicLevel 1-67
2023-07-31 17:50:06,860 INFO o.a.j.t.JMeterThread: Thread finished: JMeterBasicLevel 1-67
2023-07-31 17:50:06,917 INFO o.a.j.t.JMeterThread: Thread started: JMeterBasicLevel 1-89
2023-07-31 17:50:06,971 INFO o.a.j.t.JMeterThread: Thread is done: JMeterBasicLevel 1-75
2023-07-31 17:50:06,971 INFO o.a.j.t.JMeterThread: Thread finished: JMeterBasicLevel 1-75
2023-07-31 17:50:06,979 INFO o.a.j.t.JMeterThread: Thread is done: JMeterBasicLevel 1-71
2023-07-31 17:50:06,979 INFO o.a.j.t.JMeterThread: Thread finished: JMeterBasicLevel 1-71
2023-07-31 17:50:07,003 INFO o.a.j.t.JMeterThread: Thread is done: JMeterBasicLevel 1-66
2023-07-31 17:50:07,004 INFO o.a.j.t.JMeterThread: Thread finished: JMeterBasicLevel 1-66
2023-07-31 17:50:07,013 INFO o.a.j.t.JMeterThread: Thread started: JMeterBasicLevel 1-90
2023-07-31 17:50:07,068 INFO o.a.j.t.JMeterThread: Thread is done: JMeterBasicLevel 1-70
2023-07-31 17:50:07,068 INFO o.a.j.t.JMeterThread: Thread finished: JMeterBasicLevel 1-70
2023-07-31 17:50:07,070 INFO o.a.j.t.JMeterThread: Thread is done: JMeterBasicLevel 1-68
2023-07-31 17:50:07,071 INFO o.a.j.t.JMeterThread: Thread finished: JMeterBasicLevel 1-68
2023-07-31 17:50:07,074 INFO o.a.j.t.JMeterThread: Thread is done: JMeterBasicLevel 1-69
2023-07-31 17:50:07,074 INFO o.a.j.t.JMeterThread: Thread finished: JMeterBasicLevel 1-69
2023-07-31 17:50:07,087 INFO o.a.j.t.JMeterThread: Thread is done: JMeterBasicLevel 1-76
2023-07-31 17:50:07,087 INFO o.a.j.t.JMeterThread: Thread finished: JMeterBasicLevel 1-76
2023-07-31 17:50:07,098 INFO o.a.j.t.JMeterThread: Thread is done: JMeterBasicLevel 1-74
2023-07-31 17:50:07,098 INFO o.a.j.t.JMeterThread: Thread finished: JMeterBasicLevel 1-74
2023-07-31 17:50:07,113 INFO o.a.j.t.JMeterThread: Thread started: JMeterBasicLevel 1-91
2023-07-31 17:50:07,113 INFO o.a.j.t.JMeterThread: Thread is done: JMeterBasicLevel 1-72
2023-07-31 17:50:07,113 INFO o.a.j.t.JMeterThread: Thread finished: JMeterBasicLevel 1-72
2023-07-31 17:50:07,153 INFO o.a.j.t.JMeterThread: Thread is done: JMeterBasicLevel 1-78
2023-07-31 17:50:07,153 INFO o.a.j.t.JMeterThread: Thread finished: JMeterBasicLevel 1-78
2023-07-31 17:50:07,214 INFO o.a.j.t.JMeterThread: Thread started: JMeterBasicLevel 1-92
2023-07-31 17:50:07,230 INFO o.a.j.t.JMeterThread: Thread is done: JMeterBasicLevel 1-79
2023-07-31 17:50:07,230 INFO o.a.j.t.JMeterThread: Thread finished: JMeterBasicLevel 1-79
2023-07-31 17:50:07,272 INFO o.a.j.t.JMeterThread: Thread is done: JMeterBasicLevel 1-77
2023-07-31 17:50:07,272 INFO o.a.j.t.JMeterThread: Thread finished: JMeterBasicLevel 1-77
2023-07-31 17:50:07,305 INFO o.a.j.t.JMeterThread: Thread started: JMeterBasicLevel 1-93
2023-07-31 17:50:07,357 INFO o.a.j.t.JMeterThread: Thread is done: JMeterBasicLevel 1-82
2023-07-31 17:50:07,357 INFO o.a.j.t.JMeterThread: Thread finished: JMeterBasicLevel 1-82
2023-07-31 17:50:07,406 INFO o.a.j.t.JMeterThread: Thread started: JMeterBasicLevel 1-94
2023-07-31 17:50:07,504 INFO o.a.j.t.JMeterThread: Thread is done: JMeterBasicLevel 1-81
2023-07-31 17:50:07,504 INFO o.a.j.t.JMeterThread: Thread finished: JMeterBasicLevel 1-81
2023-07-31 17:50:07,506 INFO o.a.j.t.JMeterThread: Thread started: JMeterBasicLevel 1-95
2023-07-31 17:50:07,590 INFO o.a.j.t.JMeterThread: Thread is done: JMeterBasicLevel 1-80
2023-07-31 17:50:07,590 INFO o.a.j.t.JMeterThread: Thread finished: JMeterBasicLevel 1-80
2023-07-31 17:50:07,605 INFO o.a.j.t.JMeterThread: Thread started: JMeterBasicLevel 1-96
2023-07-31 17:50:07,709 INFO o.a.j.t.JMeterThread: Thread started: JMeterBasicLevel 1-97
2023-07-31 17:50:07,721 INFO o.a.j.t.JMeterThread: Thread is done: JMeterBasicLevel 1-84
2023-07-31 17:50:07,721 INFO o.a.j.t.JMeterThread: Thread finished: JMeterBasicLevel 1-84
2023-07-31 17:50:07,810 INFO o.a.j.t.JMeterThread: Thread started: JMeterBasicLevel 1-98
2023-07-31 17:50:07,899 INFO o.a.j.t.JMeterThread: Thread is done: JMeterBasicLevel 1-85
2023-07-31 17:50:07,899 INFO o.a.j.t.JMeterThread: Thread finished: JMeterBasicLevel 1-85
2023-07-31 17:50:07,905 INFO o.a.j.t.JMeterThread: Thread started: JMeterBasicLevel 1-99
2023-07-31 17:50:07,934 INFO o.a.j.t.JMeterThread: Thread is done: JMeterBasicLevel 1-88
2023-07-31 17:50:07,934 INFO o.a.j.t.JMeterThread: Thread finished: JMeterBasicLevel 1-88
2023-07-31 17:50:07,994 INFO o.a.j.t.JMeterThread: Thread is done: JMeterBasicLevel 1-86
2023-07-31 17:50:07,994 INFO o.a.j.t.JMeterThread: Thread finished: JMeterBasicLevel 1-86
2023-07-31 17:50:08,006 INFO o.a.j.t.JMeterThread: Thread started: JMeterBasicLevel 1-100
2023-07-31 17:50:08,022 INFO o.a.j.t.JMeterThread: Thread is done: JMeterBasicLevel 1-87
2023-07-31 17:50:08,022 INFO o.a.j.t.JMeterThread: Thread finished: JMeterBasicLevel 1-87
2023-07-31 17:50:08,351 INFO o.a.j.t.JMeterThread: Thread is done: JMeterBasicLevel 1-89
2023-07-31 17:50:08,359 INFO o.a.j.t.JMeterThread: Thread finished: JMeterBasicLevel 1-89
2023-07-31 17:50:08,391 INFO o.a.j.t.JMeterThread: Thread is done: JMeterBasicLevel 1-92
2023-07-31 17:50:08,391 INFO o.a.j.t.JMeterThread: Thread finished: JMeterBasicLevel 1-92
2023-07-31 17:50:08,477 INFO o.a.j.t.JMeterThread: Thread is done: JMeterBasicLevel 1-91
2023-07-31 17:50:08,477 INFO o.a.j.t.JMeterThread: Thread finished: JMeterBasicLevel 1-91
2023-07-31 17:50:08,508 INFO o.a.j.t.JMeterThread: Thread is done: JMeterBasicLevel 1-90
2023-07-31 17:50:08,508 INFO o.a.j.t.JMeterThread: Thread finished: JMeterBasicLevel 1-90
2023-07-31 17:50:08,573 INFO o.a.j.t.JMeterThread: Thread is done: JMeterBasicLevel 1-83
2023-07-31 17:50:08,573 INFO o.a.j.t.JMeterThread: Thread finished: JMeterBasicLevel 1-83
2023-07-31 17:50:08,693 INFO o.a.j.t.JMeterThread: Thread is done: JMeterBasicLevel 1-93
2023-07-31 17:50:08,693 INFO o.a.j.t.JMeterThread: Thread finished: JMeterBasicLevel 1-93
2023-07-31 17:50:08,789 INFO o.a.j.t.JMeterThread: Thread is done: JMeterBasicLevel 1-94
2023-07-31 17:50:08,789 INFO o.a.j.t.JMeterThread: Thread finished: JMeterBasicLevel 1-94
2023-07-31 17:50:08,968 INFO o.a.j.t.JMeterThread: Thread is done: JMeterBasicLevel 1-95
2023-07-31 17:50:08,968 INFO o.a.j.t.JMeterThread: Thread finished: JMeterBasicLevel 1-95
2023-07-31 17:50:08,984 INFO o.a.j.t.JMeterThread: Thread is done: JMeterBasicLevel 1-97
2023-07-31 17:50:08,984 INFO o.a.j.t.JMeterThread: Thread finished: JMeterBasicLevel 1-97
2023-07-31 17:50:09,152 INFO o.a.j.t.JMeterThread: Thread is done: JMeterBasicLevel 1-96
2023-07-31 17:50:09,152 INFO o.a.j.t.JMeterThread: Thread finished: JMeterBasicLevel 1-96
2023-07-31 17:50:09,320 INFO o.a.j.t.JMeterThread: Thread is done: JMeterBasicLevel 1-99
2023-07-31 17:50:09,320 INFO o.a.j.t.JMeterThread: Thread finished: JMeterBasicLevel 1-99
2023-07-31 17:50:09,344 INFO o.a.j.t.JMeterThread: Thread is done: JMeterBasicLevel 1-98
2023-07-31 17:50:09,352 INFO o.a.j.t.JMeterThread: Thread finished: JMeterBasicLevel 1-98
2023-07-31 17:50:09,400 INFO o.a.j.t.JMeterThread: Thread is done: JMeterBasicLevel 1-100
2023-07-31 17:50:09,400 INFO o.a.j.t.JMeterThread: Thread finished: JMeterBasicLevel 1-100
2023-07-31 17:50:09,400 INFO o.a.j.e.StandardJMeterEngine: Notifying test listeners of end of test
2023-07-31 17:50:09,400 INFO o.a.j.g.u.JMeterMenuBar: setRunning(false, *local*)
